May 11, 2013 7:18:51 PM Network.NetworkCommunicator run
INFO: New server thread is started...
May 11, 2013 7:18:51 PM Network.NetworkCommunicator$GameAdvertiser run
FINE: New GameAdvertiser started...
May 11, 2013 7:18:51 PM Network.NetworkCommunicator$GameAdvertiser run
FINE: Sending game info...
May 11, 2013 7:18:52 PM Network.NetworkCommunicator$GameAdvertiser run
FINE: Sending game info...
May 11, 2013 7:18:53 PM Network.NetworkCommunicator$GameAdvertiser run
FINE: Sending game info...
May 11, 2013 7:18:54 PM Network.NetworkCommunicator$GameAdvertiser run
FINE: Sending game info...
May 11, 2013 7:18:55 PM Network.NetworkCommunicator$GameAdvertiser run
FINE: Sending game info...
May 11, 2013 7:18:56 PM Network.NetworkCommunicator$GameAdvertiser run
FINE: Sending game info...
May 11, 2013 7:18:57 PM Network.NetworkCommunicator$GameAdvertiser run
FINE: Sending game info...
May 11, 2013 7:18:58 PM Network.NetworkCommunicator$GameAdvertiser run
FINE: Sending game info...
