máj. 13, 2013 10:00:17 DU Network.NetworkCommunicator run
INFO: New server thread is started...
máj. 13, 2013 10:00:17 DU Network.NetworkCommunicator$GameAdvertiser run
FINE: New GameAdvertiser started...
máj. 13, 2013 10:00:17 DU Network.NetworkCommunicator$GameAdvertiser run
FINE: Sending game info...
máj. 13, 2013 10:00:18 DU Network.NetworkCommunicator$GameAdvertiser run
FINE: Sending game info...
máj. 13, 2013 10:00:19 DU Network.NetworkCommunicator$GameAdvertiser run
FINE: Sending game info...
máj. 13, 2013 10:00:20 DU Network.NetworkCommunicator$GameAdvertiser run
FINE: Sending game info...
máj. 13, 2013 10:00:21 DU Network.NetworkCommunicator$GameAdvertiser run
FINE: Sending game info...
máj. 13, 2013 10:00:22 DU Network.NetworkCommunicator$GameAdvertiser run
FINE: Sending game info...
máj. 13, 2013 10:00:23 DU Network.NetworkCommunicator$GameAdvertiser run
FINE: Sending game info...
máj. 13, 2013 10:00:24 DU Network.NetworkCommunicator$GameAdvertiser run
FINE: Sending game info...
máj. 13, 2013 10:00:25 DU Network.NetworkCommunicator$GameAdvertiser run
FINE: Sending game info...
máj. 13, 2013 10:00:26 DU Network.NetworkCommunicator$GameAdvertiser run
FINE: Sending game info...
máj. 13, 2013 10:00:27 DU Network.NetworkCommunicator$GameAdvertiser run
FINE: Sending game info...
máj. 13, 2013 10:00:28 DU Network.NetworkCommunicator$GameAdvertiser run
FINE: Sending game info...
máj. 13, 2013 10:00:29 DU Network.NetworkCommunicator$GameAdvertiser run
FINE: Sending game info...
máj. 13, 2013 10:00:30 DU Network.NetworkCommunicator$GameAdvertiser run
FINE: Sending game info...
máj. 13, 2013 10:00:31 DU Network.NetworkCommunicator$GameAdvertiser run
FINE: Sending game info...
