máj. 13, 2013 9:46:19 DU Network.NetworkCommunicator run
INFO: New server thread is started...
máj. 13, 2013 9:46:19 DU Network.NetworkCommunicator$GameAdvertiser run
FINE: New GameAdvertiser started...
máj. 13, 2013 9:46:19 DU Network.NetworkCommunicator$GameAdvertiser run
FINE: Sending game info...
máj. 13, 2013 9:46:20 DU Network.NetworkCommunicator$GameAdvertiser run
FINE: Sending game info...
máj. 13, 2013 9:46:21 DU Network.NetworkCommunicator$GameAdvertiser run
FINE: Sending game info...
máj. 13, 2013 9:46:22 DU Network.NetworkCommunicator$GameAdvertiser run
FINE: Sending game info...
máj. 13, 2013 9:46:23 DU Network.NetworkCommunicator$GameAdvertiser run
FINE: Sending game info...
máj. 13, 2013 9:46:24 DU Network.NetworkCommunicator$GameAdvertiser run
FINE: Sending game info...
máj. 13, 2013 9:46:25 DU Network.NetworkCommunicator$GameAdvertiser run
FINE: Sending game info...
máj. 13, 2013 9:46:26 DU Network.NetworkCommunicator$GameAdvertiser run
FINE: Sending game info...
máj. 13, 2013 9:46:27 DU Network.NetworkCommunicator$GameAdvertiser run
FINE: Sending game info...
máj. 13, 2013 9:46:28 DU Network.NetworkCommunicator$GameAdvertiser run
FINE: Sending game info...
máj. 13, 2013 9:46:29 DU Network.NetworkCommunicator$GameAdvertiser run
FINE: Sending game info...
máj. 13, 2013 9:46:30 DU Network.NetworkCommunicator$GameAdvertiser run
FINE: Sending game info...
máj. 13, 2013 9:46:31 DU Network.NetworkCommunicator$GameAdvertiser run
FINE: Sending game info...
máj. 13, 2013 9:46:32 DU Network.NetworkCommunicator$GameAdvertiser run
FINE: Sending game info...
máj. 13, 2013 9:46:33 DU Network.NetworkCommunicator$GameAdvertiser run
FINE: Sending game info...
máj. 13, 2013 9:46:34 DU Network.NetworkCommunicator$GameAdvertiser run
FINE: Sending game info...
máj. 13, 2013 9:46:35 DU Network.NetworkCommunicator$GameAdvertiser run
FINE: Sending game info...
máj. 13, 2013 9:46:36 DU Network.NetworkCommunicator$GameAdvertiser run
FINE: Sending game info...
máj. 13, 2013 9:46:37 DU Network.NetworkCommunicator$GameAdvertiser run
FINE: Sending game info...
máj. 13, 2013 9:46:38 DU Network.NetworkCommunicator$GameAdvertiser run
FINE: Sending game info...
máj. 13, 2013 9:46:39 DU Network.NetworkCommunicator$GameAdvertiser run
FINE: Sending game info...
máj. 13, 2013 9:46:40 DU Network.NetworkCommunicator$GameAdvertiser run
FINE: Sending game info...
máj. 13, 2013 9:46:41 DU Network.NetworkCommunicator$GameAdvertiser run
FINE: Sending game info...
máj. 13, 2013 9:46:42 DU Network.NetworkCommunicator$GameAdvertiser run
FINE: Sending game info...
máj. 13, 2013 9:46:43 DU Network.NetworkCommunicator$GameAdvertiser run
FINE: Sending game info...
máj. 13, 2013 9:46:44 DU Network.NetworkCommunicator$GameAdvertiser run
FINE: Sending game info...
máj. 13, 2013 9:46:45 DU Network.NetworkCommunicator$GameAdvertiser run
FINE: Sending game info...
máj. 13, 2013 9:46:46 DU Network.NetworkCommunicator$GameAdvertiser run
FINE: Sending game info...
máj. 13, 2013 9:46:47 DU Network.NetworkCommunicator$GameAdvertiser run
FINE: Sending game info...
máj. 13, 2013 9:46:48 DU Network.NetworkCommunicator$GameAdvertiser run
FINE: Sending game info...
máj. 13, 2013 9:46:49 DU Network.NetworkCommunicator$GameAdvertiser run
FINE: Sending game info...
máj. 13, 2013 9:46:50 DU Network.NetworkCommunicator$GameAdvertiser run
FINE: Sending game info...
máj. 13, 2013 9:46:51 DU Network.NetworkCommunicator$GameAdvertiser run
FINE: Sending game info...
máj. 13, 2013 9:46:52 DU Network.NetworkCommunicator$GameAdvertiser run
FINE: Sending game info...
máj. 13, 2013 9:46:53 DU Network.NetworkCommunicator$GameAdvertiser run
FINE: Sending game info...
máj. 13, 2013 9:46:54 DU Network.NetworkCommunicator$GameAdvertiser run
FINE: Sending game info...
máj. 13, 2013 9:46:55 DU Network.NetworkCommunicator$GameAdvertiser run
FINE: Sending game info...
máj. 13, 2013 9:46:56 DU Network.NetworkCommunicator$GameAdvertiser run
FINE: Sending game info...
máj. 13, 2013 9:46:57 DU Network.NetworkCommunicator$GameAdvertiser run
FINE: Sending game info...
máj. 13, 2013 9:46:58 DU Network.NetworkCommunicator$GameAdvertiser run
FINE: Sending game info...
máj. 13, 2013 9:46:59 DU Network.NetworkCommunicator$GameAdvertiser run
FINE: Sending game info...
máj. 13, 2013 9:47:00 DU Network.NetworkCommunicator$GameAdvertiser run
FINE: Sending game info...
máj. 13, 2013 9:47:01 DU Network.NetworkCommunicator$GameAdvertiser run
FINE: Sending game info...
máj. 13, 2013 9:47:02 DU Network.NetworkCommunicator$GameAdvertiser run
FINE: Sending game info...
máj. 13, 2013 9:47:03 DU Network.NetworkCommunicator$GameAdvertiser run
FINE: Sending game info...
máj. 13, 2013 9:47:04 DU Network.NetworkCommunicator$GameAdvertiser run
FINE: Sending game info...
máj. 13, 2013 9:47:05 DU Network.NetworkCommunicator$GameAdvertiser run
FINE: Sending game info...
máj. 13, 2013 9:47:06 DU Network.NetworkCommunicator$GameAdvertiser run
FINE: Sending game info...
máj. 13, 2013 9:47:07 DU Network.NetworkCommunicator$GameAdvertiser run
FINE: Sending game info...
máj. 13, 2013 9:47:08 DU Network.NetworkCommunicator$GameAdvertiser run
FINE: Sending game info...
máj. 13, 2013 9:47:09 DU Network.NetworkCommunicator$GameAdvertiser run
FINE: Sending game info...
máj. 13, 2013 9:47:10 DU Network.NetworkCommunicator$GameAdvertiser run
FINE: Sending game info...
máj. 13, 2013 9:47:11 DU Network.NetworkCommunicator$GameAdvertiser run
FINE: Sending game info...
máj. 13, 2013 9:47:12 DU Network.NetworkCommunicator$GameAdvertiser run
FINE: Sending game info...
máj. 13, 2013 9:47:13 DU Network.NetworkCommunicator$GameAdvertiser run
FINE: Sending game info...
máj. 13, 2013 9:47:14 DU Network.NetworkCommunicator$GameAdvertiser run
FINE: Sending game info...
máj. 13, 2013 9:47:15 DU Network.NetworkCommunicator$GameAdvertiser run
FINE: Sending game info...
máj. 13, 2013 9:47:16 DU Network.NetworkCommunicator$GameAdvertiser run
FINE: Sending game info...
máj. 13, 2013 9:47:17 DU Network.NetworkCommunicator$GameAdvertiser run
FINE: Sending game info...
máj. 13, 2013 9:47:18 DU Network.NetworkCommunicator$GameAdvertiser run
FINE: Sending game info...
máj. 13, 2013 9:47:19 DU Network.NetworkCommunicator$GameAdvertiser run
FINE: Sending game info...
máj. 13, 2013 9:47:20 DU Network.NetworkCommunicator$GameAdvertiser run
FINE: Sending game info...
máj. 13, 2013 9:47:21 DU Network.NetworkCommunicator$GameAdvertiser run
FINE: Sending game info...
máj. 13, 2013 9:47:22 DU Network.NetworkCommunicator$GameAdvertiser run
FINE: Sending game info...
máj. 13, 2013 9:47:23 DU Network.NetworkCommunicator$GameAdvertiser run
FINE: Sending game info...
máj. 13, 2013 9:47:24 DU Network.NetworkCommunicator$GameAdvertiser run
FINE: Sending game info...
máj. 13, 2013 9:47:25 DU Network.NetworkCommunicator$GameAdvertiser run
FINE: Sending game info...
máj. 13, 2013 9:47:26 DU Network.NetworkCommunicator$GameAdvertiser run
FINE: Sending game info...
máj. 13, 2013 9:47:27 DU Network.NetworkCommunicator$GameAdvertiser run
FINE: Sending game info...
máj. 13, 2013 9:47:28 DU Network.NetworkCommunicator$GameAdvertiser run
FINE: Sending game info...
máj. 13, 2013 9:47:29 DU Network.NetworkCommunicator$GameAdvertiser run
FINE: Sending game info...
máj. 13, 2013 9:47:30 DU Network.NetworkCommunicator$GameAdvertiser run
FINE: Sending game info...
máj. 13, 2013 9:47:31 DU Network.NetworkCommunicator$GameAdvertiser run
FINE: Sending game info...
máj. 13, 2013 9:47:32 DU Network.NetworkCommunicator$GameAdvertiser run
FINE: Sending game info...
máj. 13, 2013 9:47:33 DU Network.NetworkCommunicator$GameAdvertiser run
FINE: Sending game info...
máj. 13, 2013 9:47:34 DU Network.NetworkCommunicator$GameAdvertiser run
FINE: Sending game info...
máj. 13, 2013 9:47:35 DU Network.NetworkCommunicator$GameAdvertiser run
FINE: Sending game info...
máj. 13, 2013 9:47:36 DU Network.NetworkCommunicator$GameAdvertiser run
FINE: Sending game info...
máj. 13, 2013 9:47:37 DU Network.NetworkCommunicator$GameAdvertiser run
FINE: Sending game info...
máj. 13, 2013 9:47:38 DU Network.NetworkCommunicator$GameAdvertiser run
FINE: Sending game info...
máj. 13, 2013 9:47:39 DU Network.NetworkCommunicator$GameAdvertiser run
FINE: Sending game info...
máj. 13, 2013 9:47:40 DU Network.NetworkCommunicator$GameAdvertiser run
FINE: Sending game info...
máj. 13, 2013 9:47:41 DU Network.NetworkCommunicator$GameAdvertiser run
FINE: Sending game info...
máj. 13, 2013 9:47:42 DU Network.NetworkCommunicator$GameAdvertiser run
FINE: Sending game info...
máj. 13, 2013 9:47:43 DU Network.NetworkCommunicator$GameAdvertiser run
FINE: Sending game info...
máj. 13, 2013 9:47:44 DU Network.NetworkCommunicator$GameAdvertiser run
FINE: Sending game info...
máj. 13, 2013 9:47:45 DU Network.NetworkCommunicator$GameAdvertiser run
FINE: Sending game info...
máj. 13, 2013 9:47:46 DU Network.NetworkCommunicator$GameAdvertiser run
FINE: Sending game info...
máj. 13, 2013 9:47:47 DU Network.NetworkCommunicator$GameAdvertiser run
FINE: Sending game info...
máj. 13, 2013 9:47:48 DU Network.NetworkCommunicator$GameAdvertiser run
FINE: Sending game info...
máj. 13, 2013 9:47:49 DU Network.NetworkCommunicator$GameAdvertiser run
FINE: Sending game info...
máj. 13, 2013 9:47:50 DU Network.NetworkCommunicator$GameAdvertiser run
FINE: Sending game info...
máj. 13, 2013 9:47:51 DU Network.NetworkCommunicator$GameAdvertiser run
FINE: Sending game info...
máj. 13, 2013 9:47:52 DU Network.NetworkCommunicator$GameAdvertiser run
FINE: Sending game info...
máj. 13, 2013 9:47:53 DU Network.NetworkCommunicator$GameAdvertiser run
FINE: Sending game info...
máj. 13, 2013 9:47:54 DU Network.NetworkCommunicator$GameAdvertiser run
FINE: Sending game info...
máj. 13, 2013 9:47:55 DU Network.NetworkCommunicator$GameAdvertiser run
FINE: Sending game info...
máj. 13, 2013 9:47:56 DU Network.NetworkCommunicator$GameAdvertiser run
FINE: Sending game info...
máj. 13, 2013 9:47:57 DU Network.NetworkCommunicator$GameAdvertiser run
FINE: Sending game info...
máj. 13, 2013 9:47:58 DU Network.NetworkCommunicator$GameAdvertiser run
FINE: Sending game info...
máj. 13, 2013 9:47:59 DU Network.NetworkCommunicator$GameAdvertiser run
FINE: Sending game info...
máj. 13, 2013 9:48:00 DU Network.NetworkCommunicator$GameAdvertiser run
FINE: Sending game info...
máj. 13, 2013 9:48:01 DU Network.NetworkCommunicator$GameAdvertiser run
FINE: Sending game info...
máj. 13, 2013 9:48:02 DU Network.NetworkCommunicator$GameAdvertiser run
FINE: Sending game info...
máj. 13, 2013 9:48:03 DU Network.NetworkCommunicator$GameAdvertiser run
FINE: Sending game info...
máj. 13, 2013 9:48:04 DU Network.NetworkCommunicator$GameAdvertiser run
FINE: Sending game info...
máj. 13, 2013 9:48:05 DU Network.NetworkCommunicator$GameAdvertiser run
FINE: Sending game info...
máj. 13, 2013 9:48:06 DU Network.NetworkCommunicator$GameAdvertiser run
FINE: Sending game info...
máj. 13, 2013 9:48:07 DU Network.NetworkCommunicator$GameAdvertiser run
FINE: Sending game info...
máj. 13, 2013 9:48:08 DU Network.NetworkCommunicator$GameAdvertiser run
FINE: Sending game info...
máj. 13, 2013 9:48:09 DU Network.NetworkCommunicator$GameAdvertiser run
FINE: Sending game info...
máj. 13, 2013 9:48:10 DU Network.NetworkCommunicator$GameAdvertiser run
FINE: Sending game info...
máj. 13, 2013 9:48:11 DU Network.NetworkCommunicator$GameAdvertiser run
FINE: Sending game info...
máj. 13, 2013 9:48:12 DU Network.NetworkCommunicator$GameAdvertiser run
FINE: Sending game info...
máj. 13, 2013 9:48:13 DU Network.NetworkCommunicator$GameAdvertiser run
FINE: Sending game info...
máj. 13, 2013 9:48:14 DU Network.NetworkCommunicator$GameAdvertiser run
FINE: Sending game info...
máj. 13, 2013 9:48:15 DU Network.NetworkCommunicator$GameAdvertiser run
FINE: Sending game info...
máj. 13, 2013 9:48:16 DU Network.NetworkCommunicator$GameAdvertiser run
FINE: Sending game info...
máj. 13, 2013 9:48:17 DU Network.NetworkCommunicator$GameAdvertiser run
FINE: Sending game info...
máj. 13, 2013 9:48:18 DU Network.NetworkCommunicator$GameAdvertiser run
FINE: Sending game info...
máj. 13, 2013 9:48:19 DU Network.NetworkCommunicator$GameAdvertiser run
FINE: Sending game info...
máj. 13, 2013 9:48:20 DU Network.NetworkCommunicator$GameAdvertiser run
FINE: Sending game info...
máj. 13, 2013 9:48:21 DU Network.NetworkCommunicator$GameAdvertiser run
FINE: Sending game info...
máj. 13, 2013 9:48:22 DU Network.NetworkCommunicator$GameAdvertiser run
FINE: Sending game info...
máj. 13, 2013 9:48:23 DU Network.NetworkCommunicator$GameAdvertiser run
FINE: Sending game info...
máj. 13, 2013 9:48:24 DU Network.NetworkCommunicator$GameAdvertiser run
FINE: Sending game info...
máj. 13, 2013 9:48:25 DU Network.NetworkCommunicator$GameAdvertiser run
FINE: Sending game info...
máj. 13, 2013 9:48:26 DU Network.NetworkCommunicator$GameAdvertiser run
FINE: Sending game info...
máj. 13, 2013 9:48:27 DU Network.NetworkCommunicator$GameAdvertiser run
FINE: Sending game info...
máj. 13, 2013 9:48:28 DU Network.NetworkCommunicator$GameAdvertiser run
FINE: Sending game info...
máj. 13, 2013 9:48:29 DU Network.NetworkCommunicator$GameAdvertiser run
FINE: Sending game info...
máj. 13, 2013 9:48:30 DU Network.NetworkCommunicator$GameAdvertiser run
FINE: Sending game info...
máj. 13, 2013 9:48:31 DU Network.NetworkCommunicator$GameAdvertiser run
FINE: Sending game info...
máj. 13, 2013 9:48:32 DU Network.NetworkCommunicator$GameAdvertiser run
FINE: Sending game info...
máj. 13, 2013 9:48:33 DU Network.NetworkCommunicator$GameAdvertiser run
FINE: Sending game info...
máj. 13, 2013 9:48:34 DU Network.NetworkCommunicator$GameAdvertiser run
FINE: Sending game info...
máj. 13, 2013 9:48:35 DU Network.NetworkCommunicator$GameAdvertiser run
FINE: Sending game info...
máj. 13, 2013 9:48:36 DU Network.NetworkCommunicator$GameAdvertiser run
FINE: Sending game info...
máj. 13, 2013 9:48:37 DU Network.NetworkCommunicator$GameAdvertiser run
FINE: Sending game info...
máj. 13, 2013 9:48:38 DU Network.NetworkCommunicator$GameAdvertiser run
FINE: Sending game info...
máj. 13, 2013 9:48:39 DU Network.NetworkCommunicator$GameAdvertiser run
FINE: Sending game info...
máj. 13, 2013 9:48:40 DU Network.NetworkCommunicator$GameAdvertiser run
FINE: Sending game info...
máj. 13, 2013 9:48:41 DU Network.NetworkCommunicator$GameAdvertiser run
FINE: Sending game info...
máj. 13, 2013 9:48:42 DU Network.NetworkCommunicator$GameAdvertiser run
FINE: Sending game info...
máj. 13, 2013 9:48:43 DU Network.NetworkCommunicator$GameAdvertiser run
FINE: Sending game info...
máj. 13, 2013 9:48:44 DU Network.NetworkCommunicator$GameAdvertiser run
FINE: Sending game info...
máj. 13, 2013 9:48:45 DU Network.NetworkCommunicator$GameAdvertiser run
FINE: Sending game info...
máj. 13, 2013 9:48:46 DU Network.NetworkCommunicator$GameAdvertiser run
FINE: Sending game info...
máj. 13, 2013 9:48:47 DU Network.NetworkCommunicator$GameAdvertiser run
FINE: Sending game info...
máj. 13, 2013 9:48:48 DU Network.NetworkCommunicator$GameAdvertiser run
FINE: Sending game info...
máj. 13, 2013 9:48:49 DU Network.NetworkCommunicator$GameAdvertiser run
FINE: Sending game info...
máj. 13, 2013 9:48:50 DU Network.NetworkCommunicator$GameAdvertiser run
FINE: Sending game info...
máj. 13, 2013 9:48:51 DU Network.NetworkCommunicator$GameAdvertiser run
FINE: Sending game info...
máj. 13, 2013 9:48:52 DU Network.NetworkCommunicator$GameAdvertiser run
FINE: Sending game info...
máj. 13, 2013 9:48:53 DU Network.NetworkCommunicator$GameAdvertiser run
FINE: Sending game info...
máj. 13, 2013 9:48:54 DU Network.NetworkCommunicator$GameAdvertiser run
FINE: Sending game info...
máj. 13, 2013 9:48:55 DU Network.NetworkCommunicator$GameAdvertiser run
FINE: Sending game info...
máj. 13, 2013 9:48:56 DU Network.NetworkCommunicator$GameAdvertiser run
FINE: Sending game info...
máj. 13, 2013 9:48:57 DU Network.NetworkCommunicator$GameAdvertiser run
FINE: Sending game info...
máj. 13, 2013 9:48:58 DU Network.NetworkCommunicator$GameAdvertiser run
FINE: Sending game info...
máj. 13, 2013 9:48:59 DU Network.NetworkCommunicator$GameAdvertiser run
FINE: Sending game info...
máj. 13, 2013 9:49:00 DU Network.NetworkCommunicator$GameAdvertiser run
FINE: Sending game info...
máj. 13, 2013 9:49:01 DU Network.NetworkCommunicator$GameAdvertiser run
FINE: Sending game info...
máj. 13, 2013 9:49:02 DU Network.NetworkCommunicator$GameAdvertiser run
FINE: Sending game info...
máj. 13, 2013 9:49:03 DU Network.NetworkCommunicator$GameAdvertiser run
FINE: Sending game info...
máj. 13, 2013 9:49:04 DU Network.NetworkCommunicator$GameAdvertiser run
FINE: Sending game info...
máj. 13, 2013 9:49:05 DU Network.NetworkCommunicator$GameAdvertiser run
FINE: Sending game info...
máj. 13, 2013 9:49:06 DU Network.NetworkCommunicator$GameAdvertiser run
FINE: Sending game info...
máj. 13, 2013 9:49:07 DU Network.NetworkCommunicator$GameAdvertiser run
FINE: Sending game info...
máj. 13, 2013 9:49:08 DU Network.NetworkCommunicator$GameAdvertiser run
FINE: Sending game info...
máj. 13, 2013 9:49:09 DU Network.NetworkCommunicator$GameAdvertiser run
FINE: Sending game info...
máj. 13, 2013 9:49:10 DU Network.NetworkCommunicator$GameAdvertiser run
FINE: Sending game info...
máj. 13, 2013 9:49:11 DU Network.NetworkCommunicator$GameAdvertiser run
FINE: Sending game info...
máj. 13, 2013 9:49:12 DU Network.NetworkCommunicator$GameAdvertiser run
FINE: Sending game info...
máj. 13, 2013 9:49:13 DU Network.NetworkCommunicator$GameAdvertiser run
FINE: Sending game info...
máj. 13, 2013 9:49:14 DU Network.NetworkCommunicator$GameAdvertiser run
FINE: Sending game info...
máj. 13, 2013 9:49:15 DU Network.NetworkCommunicator$GameAdvertiser run
FINE: Sending game info...
máj. 13, 2013 9:49:16 DU Network.NetworkCommunicator$GameAdvertiser run
FINE: Sending game info...
máj. 13, 2013 9:49:17 DU Network.NetworkCommunicator$GameAdvertiser run
FINE: Sending game info...
máj. 13, 2013 9:49:18 DU Network.NetworkCommunicator$GameAdvertiser run
FINE: Sending game info...
máj. 13, 2013 9:49:19 DU Network.NetworkCommunicator$GameAdvertiser run
FINE: Sending game info...
máj. 13, 2013 9:49:20 DU Network.NetworkCommunicator$GameAdvertiser run
FINE: Sending game info...
máj. 13, 2013 9:49:21 DU Network.NetworkCommunicator$GameAdvertiser run
FINE: Sending game info...
máj. 13, 2013 9:49:22 DU Network.NetworkCommunicator$GameAdvertiser run
FINE: Sending game info...
máj. 13, 2013 9:49:23 DU Network.NetworkCommunicator$GameAdvertiser run
FINE: Sending game info...
máj. 13, 2013 9:49:24 DU Network.NetworkCommunicator$GameAdvertiser run
FINE: Sending game info...
máj. 13, 2013 9:49:25 DU Network.NetworkCommunicator$GameAdvertiser run
FINE: Sending game info...
máj. 13, 2013 9:49:26 DU Network.NetworkCommunicator$GameAdvertiser run
FINE: Sending game info...
máj. 13, 2013 9:49:27 DU Network.NetworkCommunicator$GameAdvertiser run
FINE: Sending game info...
máj. 13, 2013 9:49:28 DU Network.NetworkCommunicator$GameAdvertiser run
FINE: Sending game info...
máj. 13, 2013 9:49:29 DU Network.NetworkCommunicator$GameAdvertiser run
FINE: Sending game info...
máj. 13, 2013 9:49:30 DU Network.NetworkCommunicator$GameAdvertiser run
FINE: Sending game info...
máj. 13, 2013 9:49:31 DU Network.NetworkCommunicator$GameAdvertiser run
FINE: Sending game info...
máj. 13, 2013 9:49:32 DU Network.NetworkCommunicator$GameAdvertiser run
FINE: Sending game info...
máj. 13, 2013 9:49:33 DU Network.NetworkCommunicator$GameAdvertiser run
FINE: Sending game info...
máj. 13, 2013 9:49:34 DU Network.NetworkCommunicator$GameAdvertiser run
FINE: Sending game info...
máj. 13, 2013 9:49:35 DU Network.NetworkCommunicator$GameAdvertiser run
FINE: Sending game info...
máj. 13, 2013 9:49:36 DU Network.NetworkCommunicator$GameAdvertiser run
FINE: Sending game info...
máj. 13, 2013 9:49:37 DU Network.NetworkCommunicator$GameAdvertiser run
FINE: Sending game info...
máj. 13, 2013 9:49:38 DU Network.NetworkCommunicator$GameAdvertiser run
FINE: Sending game info...
máj. 13, 2013 9:49:39 DU Network.NetworkCommunicator$GameAdvertiser run
FINE: Sending game info...
máj. 13, 2013 9:49:40 DU Network.NetworkCommunicator$GameAdvertiser run
FINE: Sending game info...
máj. 13, 2013 9:49:41 DU Network.NetworkCommunicator$GameAdvertiser run
FINE: Sending game info...
máj. 13, 2013 9:49:42 DU Network.NetworkCommunicator$GameAdvertiser run
FINE: Sending game info...
máj. 13, 2013 9:49:43 DU Network.NetworkCommunicator$GameAdvertiser run
FINE: Sending game info...
máj. 13, 2013 9:49:44 DU Network.NetworkCommunicator$GameAdvertiser run
FINE: Sending game info...
máj. 13, 2013 9:49:45 DU Network.NetworkCommunicator$GameAdvertiser run
FINE: Sending game info...
máj. 13, 2013 9:49:46 DU Network.NetworkCommunicator$GameAdvertiser run
FINE: Sending game info...
máj. 13, 2013 9:49:47 DU Network.NetworkCommunicator$GameAdvertiser run
FINE: Sending game info...
máj. 13, 2013 9:49:48 DU Network.NetworkCommunicator$GameAdvertiser run
FINE: Sending game info...
máj. 13, 2013 9:49:49 DU Network.NetworkCommunicator$GameAdvertiser run
FINE: Sending game info...
máj. 13, 2013 9:49:50 DU Network.NetworkCommunicator$GameAdvertiser run
FINE: Sending game info...
máj. 13, 2013 9:49:51 DU Network.NetworkCommunicator$GameAdvertiser run
FINE: Sending game info...
máj. 13, 2013 9:49:52 DU Network.NetworkCommunicator$GameAdvertiser run
FINE: Sending game info...
máj. 13, 2013 9:49:53 DU Network.NetworkCommunicator$GameAdvertiser run
FINE: Sending game info...
máj. 13, 2013 9:49:54 DU Network.NetworkCommunicator$GameAdvertiser run
FINE: Sending game info...
máj. 13, 2013 9:49:55 DU Network.NetworkCommunicator$GameAdvertiser run
FINE: Sending game info...
máj. 13, 2013 9:49:56 DU Network.NetworkCommunicator$GameAdvertiser run
FINE: Sending game info...
máj. 13, 2013 9:49:57 DU Network.NetworkCommunicator$GameAdvertiser run
FINE: Sending game info...
máj. 13, 2013 9:49:58 DU Network.NetworkCommunicator$GameAdvertiser run
FINE: Sending game info...
máj. 13, 2013 9:49:59 DU Network.NetworkCommunicator$GameAdvertiser run
FINE: Sending game info...
máj. 13, 2013 9:50:00 DU Network.NetworkCommunicator$GameAdvertiser run
FINE: Sending game info...
máj. 13, 2013 9:50:01 DU Network.NetworkCommunicator$GameAdvertiser run
FINE: Sending game info...
máj. 13, 2013 9:50:02 DU Network.NetworkCommunicator$GameAdvertiser run
FINE: Sending game info...
máj. 13, 2013 9:50:03 DU Network.NetworkCommunicator$GameAdvertiser run
FINE: Sending game info...
máj. 13, 2013 9:50:04 DU Network.NetworkCommunicator$GameAdvertiser run
FINE: Sending game info...
máj. 13, 2013 9:50:05 DU Network.NetworkCommunicator$GameAdvertiser run
FINE: Sending game info...
máj. 13, 2013 9:50:06 DU Network.NetworkCommunicator$GameAdvertiser run
FINE: Sending game info...
máj. 13, 2013 9:50:07 DU Network.NetworkCommunicator$GameAdvertiser run
FINE: Sending game info...
máj. 13, 2013 9:50:08 DU Network.NetworkCommunicator$GameAdvertiser run
FINE: Sending game info...
máj. 13, 2013 9:50:09 DU Network.NetworkCommunicator$GameAdvertiser run
FINE: Sending game info...
máj. 13, 2013 9:50:10 DU Network.NetworkCommunicator$GameAdvertiser run
FINE: Sending game info...
máj. 13, 2013 9:50:11 DU Network.NetworkCommunicator$GameAdvertiser run
FINE: Sending game info...
máj. 13, 2013 9:50:12 DU Network.NetworkCommunicator$GameAdvertiser run
FINE: Sending game info...
máj. 13, 2013 9:50:13 DU Network.NetworkCommunicator$GameAdvertiser run
FINE: Sending game info...
máj. 13, 2013 9:50:14 DU Network.NetworkCommunicator$GameAdvertiser run
FINE: Sending game info...
máj. 13, 2013 9:50:15 DU Network.NetworkCommunicator$GameAdvertiser run
FINE: Sending game info...
máj. 13, 2013 9:50:16 DU Network.NetworkCommunicator$GameAdvertiser run
FINE: Sending game info...
máj. 13, 2013 9:50:17 DU Network.NetworkCommunicator$GameAdvertiser run
FINE: Sending game info...
máj. 13, 2013 9:50:18 DU Network.NetworkCommunicator$GameAdvertiser run
FINE: Sending game info...
máj. 13, 2013 9:50:19 DU Network.NetworkCommunicator$GameAdvertiser run
FINE: Sending game info...
máj. 13, 2013 9:50:20 DU Network.NetworkCommunicator$GameAdvertiser run
FINE: Sending game info...
máj. 13, 2013 9:50:21 DU Network.NetworkCommunicator$GameAdvertiser run
FINE: Sending game info...
máj. 13, 2013 9:50:22 DU Network.NetworkCommunicator$GameAdvertiser run
FINE: Sending game info...
máj. 13, 2013 9:50:23 DU Network.NetworkCommunicator$GameAdvertiser run
FINE: Sending game info...
máj. 13, 2013 9:50:24 DU Network.NetworkCommunicator$GameAdvertiser run
FINE: Sending game info...
máj. 13, 2013 9:50:25 DU Network.NetworkCommunicator$GameAdvertiser run
FINE: Sending game info...
máj. 13, 2013 9:50:26 DU Network.NetworkCommunicator$GameAdvertiser run
FINE: Sending game info...
máj. 13, 2013 9:50:27 DU Network.NetworkCommunicator$GameAdvertiser run
FINE: Sending game info...
máj. 13, 2013 9:50:28 DU Network.NetworkCommunicator$GameAdvertiser run
FINE: Sending game info...
máj. 13, 2013 9:50:29 DU Network.NetworkCommunicator$GameAdvertiser run
FINE: Sending game info...
máj. 13, 2013 9:50:30 DU Network.NetworkCommunicator$GameAdvertiser run
FINE: Sending game info...
máj. 13, 2013 9:50:31 DU Network.NetworkCommunicator$GameAdvertiser run
FINE: Sending game info...
máj. 13, 2013 9:50:33 DU Network.NetworkCommunicator$GameAdvertiser run
FINE: Sending game info...
máj. 13, 2013 9:50:34 DU Network.NetworkCommunicator$GameAdvertiser run
FINE: Sending game info...
máj. 13, 2013 9:50:35 DU Network.NetworkCommunicator$GameAdvertiser run
FINE: Sending game info...
máj. 13, 2013 9:50:36 DU Network.NetworkCommunicator$GameAdvertiser run
FINE: Sending game info...
máj. 13, 2013 9:50:37 DU Network.NetworkCommunicator$GameAdvertiser run
FINE: Sending game info...
máj. 13, 2013 9:50:38 DU Network.NetworkCommunicator$GameAdvertiser run
FINE: Sending game info...
máj. 13, 2013 9:50:39 DU Network.NetworkCommunicator$GameAdvertiser run
FINE: Sending game info...
máj. 13, 2013 9:50:40 DU Network.NetworkCommunicator$GameAdvertiser run
FINE: Sending game info...
máj. 13, 2013 9:50:41 DU Network.NetworkCommunicator$GameAdvertiser run
FINE: Sending game info...
máj. 13, 2013 9:50:42 DU Network.NetworkCommunicator$GameAdvertiser run
FINE: Sending game info...
máj. 13, 2013 9:50:43 DU Network.NetworkCommunicator$GameAdvertiser run
FINE: Sending game info...
máj. 13, 2013 9:50:44 DU Network.NetworkCommunicator$GameAdvertiser run
FINE: Sending game info...
máj. 13, 2013 9:50:45 DU Network.NetworkCommunicator$GameAdvertiser run
FINE: Sending game info...
máj. 13, 2013 9:50:46 DU Network.NetworkCommunicator$GameAdvertiser run
FINE: Sending game info...
máj. 13, 2013 9:50:47 DU Network.NetworkCommunicator$GameAdvertiser run
FINE: Sending game info...
máj. 13, 2013 9:50:48 DU Network.NetworkCommunicator$GameAdvertiser run
FINE: Sending game info...
máj. 13, 2013 9:50:49 DU Network.NetworkCommunicator$GameAdvertiser run
FINE: Sending game info...
máj. 13, 2013 9:50:50 DU Network.NetworkCommunicator$GameAdvertiser run
FINE: Sending game info...
máj. 13, 2013 9:50:51 DU Network.NetworkCommunicator$GameAdvertiser run
FINE: Sending game info...
máj. 13, 2013 9:50:52 DU Network.NetworkCommunicator$GameAdvertiser run
FINE: Sending game info...
máj. 13, 2013 9:50:53 DU Network.NetworkCommunicator$GameAdvertiser run
FINE: Sending game info...
máj. 13, 2013 9:50:54 DU Network.NetworkCommunicator$GameAdvertiser run
FINE: Sending game info...
máj. 13, 2013 9:50:55 DU Network.NetworkCommunicator$GameAdvertiser run
FINE: Sending game info...
máj. 13, 2013 9:50:56 DU Network.NetworkCommunicator$GameAdvertiser run
FINE: Sending game info...
máj. 13, 2013 9:50:57 DU Network.NetworkCommunicator$GameAdvertiser run
FINE: Sending game info...
máj. 13, 2013 9:50:58 DU Network.NetworkCommunicator$GameAdvertiser run
FINE: Sending game info...
máj. 13, 2013 9:50:59 DU Network.NetworkCommunicator$GameAdvertiser run
FINE: Sending game info...
máj. 13, 2013 9:51:00 DU Network.NetworkCommunicator$GameAdvertiser run
FINE: Sending game info...
máj. 13, 2013 9:51:01 DU Network.NetworkCommunicator$GameAdvertiser run
FINE: Sending game info...
máj. 13, 2013 9:51:02 DU Network.NetworkCommunicator$GameAdvertiser run
FINE: Sending game info...
máj. 13, 2013 9:51:03 DU Network.NetworkCommunicator$GameAdvertiser run
FINE: Sending game info...
máj. 13, 2013 9:51:04 DU Network.NetworkCommunicator$GameAdvertiser run
FINE: Sending game info...
máj. 13, 2013 9:51:05 DU Network.NetworkCommunicator$GameAdvertiser run
FINE: Sending game info...
máj. 13, 2013 9:51:06 DU Network.NetworkCommunicator$GameAdvertiser run
FINE: Sending game info...
máj. 13, 2013 9:51:07 DU Network.NetworkCommunicator$GameAdvertiser run
FINE: Sending game info...
máj. 13, 2013 9:51:08 DU Network.NetworkCommunicator$GameAdvertiser run
FINE: Sending game info...
máj. 13, 2013 9:51:09 DU Network.NetworkCommunicator$GameAdvertiser run
FINE: Sending game info...
máj. 13, 2013 9:51:10 DU Network.NetworkCommunicator$GameAdvertiser run
FINE: Sending game info...
máj. 13, 2013 9:51:11 DU Network.NetworkCommunicator$GameAdvertiser run
FINE: Sending game info...
máj. 13, 2013 9:51:12 DU Network.NetworkCommunicator$GameAdvertiser run
FINE: Sending game info...
máj. 13, 2013 9:51:13 DU Network.NetworkCommunicator$GameAdvertiser run
FINE: Sending game info...
máj. 13, 2013 9:51:14 DU Network.NetworkCommunicator$GameAdvertiser run
FINE: Sending game info...
máj. 13, 2013 9:51:15 DU Network.NetworkCommunicator$GameAdvertiser run
FINE: Sending game info...
máj. 13, 2013 9:51:16 DU Network.NetworkCommunicator$GameAdvertiser run
FINE: Sending game info...
máj. 13, 2013 9:51:17 DU Network.NetworkCommunicator$GameAdvertiser run
FINE: Sending game info...
máj. 13, 2013 9:51:18 DU Network.NetworkCommunicator$GameAdvertiser run
FINE: Sending game info...
máj. 13, 2013 9:51:19 DU Network.NetworkCommunicator$GameAdvertiser run
FINE: Sending game info...
máj. 13, 2013 9:51:20 DU Network.NetworkCommunicator$GameAdvertiser run
FINE: Sending game info...
máj. 13, 2013 9:51:21 DU Network.NetworkCommunicator$GameAdvertiser run
FINE: Sending game info...
máj. 13, 2013 9:51:22 DU Network.NetworkCommunicator$GameAdvertiser run
FINE: Sending game info...
máj. 13, 2013 9:51:23 DU Network.NetworkCommunicator$GameAdvertiser run
FINE: Sending game info...
máj. 13, 2013 9:51:24 DU Network.NetworkCommunicator$GameAdvertiser run
FINE: Sending game info...
máj. 13, 2013 9:51:25 DU Network.NetworkCommunicator$GameAdvertiser run
FINE: Sending game info...
máj. 13, 2013 9:51:26 DU Network.NetworkCommunicator$GameAdvertiser run
FINE: Sending game info...
máj. 13, 2013 9:51:27 DU Network.NetworkCommunicator$GameAdvertiser run
FINE: Sending game info...
máj. 13, 2013 9:51:28 DU Network.NetworkCommunicator$GameAdvertiser run
FINE: Sending game info...
máj. 13, 2013 9:51:29 DU Network.NetworkCommunicator$GameAdvertiser run
FINE: Sending game info...
máj. 13, 2013 9:51:30 DU Network.NetworkCommunicator$GameAdvertiser run
FINE: Sending game info...
máj. 13, 2013 9:51:31 DU Network.NetworkCommunicator$GameAdvertiser run
FINE: Sending game info...
máj. 13, 2013 9:51:32 DU Network.NetworkCommunicator$GameAdvertiser run
FINE: Sending game info...
máj. 13, 2013 9:51:33 DU Network.NetworkCommunicator$GameAdvertiser run
FINE: Sending game info...
máj. 13, 2013 9:51:34 DU Network.NetworkCommunicator$GameAdvertiser run
FINE: Sending game info...
máj. 13, 2013 9:51:35 DU Network.NetworkCommunicator$GameAdvertiser run
FINE: Sending game info...
máj. 13, 2013 9:51:36 DU Network.NetworkCommunicator$GameAdvertiser run
FINE: Sending game info...
máj. 13, 2013 9:51:37 DU Network.NetworkCommunicator$GameAdvertiser run
FINE: Sending game info...
máj. 13, 2013 9:51:38 DU Network.NetworkCommunicator$GameAdvertiser run
FINE: Sending game info...
máj. 13, 2013 9:51:39 DU Network.NetworkCommunicator$GameAdvertiser run
FINE: Sending game info...
máj. 13, 2013 9:51:40 DU Network.NetworkCommunicator$GameAdvertiser run
FINE: Sending game info...
máj. 13, 2013 9:51:41 DU Network.NetworkCommunicator$GameAdvertiser run
FINE: Sending game info...
máj. 13, 2013 9:51:42 DU Network.NetworkCommunicator$GameAdvertiser run
FINE: Sending game info...
máj. 13, 2013 9:51:43 DU Network.NetworkCommunicator$GameAdvertiser run
FINE: Sending game info...
máj. 13, 2013 9:51:44 DU Network.NetworkCommunicator$GameAdvertiser run
FINE: Sending game info...
máj. 13, 2013 9:51:45 DU Network.NetworkCommunicator$GameAdvertiser run
FINE: Sending game info...
máj. 13, 2013 9:51:46 DU Network.NetworkCommunicator$GameAdvertiser run
FINE: Sending game info...
máj. 13, 2013 9:51:47 DU Network.NetworkCommunicator$GameAdvertiser run
FINE: Sending game info...
máj. 13, 2013 9:51:48 DU Network.NetworkCommunicator$GameAdvertiser run
FINE: Sending game info...
máj. 13, 2013 9:51:49 DU Network.NetworkCommunicator$GameAdvertiser run
FINE: Sending game info...
máj. 13, 2013 9:51:50 DU Network.NetworkCommunicator$GameAdvertiser run
FINE: Sending game info...
máj. 13, 2013 9:51:51 DU Network.NetworkCommunicator$GameAdvertiser run
FINE: Sending game info...
máj. 13, 2013 9:51:52 DU Network.NetworkCommunicator$GameAdvertiser run
FINE: Sending game info...
máj. 13, 2013 9:51:53 DU Network.NetworkCommunicator$GameAdvertiser run
FINE: Sending game info...
máj. 13, 2013 9:51:54 DU Network.NetworkCommunicator$GameAdvertiser run
FINE: Sending game info...
máj. 13, 2013 9:51:55 DU Network.NetworkCommunicator$GameAdvertiser run
FINE: Sending game info...
máj. 13, 2013 9:51:56 DU Network.NetworkCommunicator$GameAdvertiser run
FINE: Sending game info...
máj. 13, 2013 9:51:57 DU Network.NetworkCommunicator$GameAdvertiser run
FINE: Sending game info...
máj. 13, 2013 9:51:58 DU Network.NetworkCommunicator$GameAdvertiser run
FINE: Sending game info...
máj. 13, 2013 9:51:59 DU Network.NetworkCommunicator$GameAdvertiser run
FINE: Sending game info...
máj. 13, 2013 9:52:00 DU Network.NetworkCommunicator$GameAdvertiser run
FINE: Sending game info...
máj. 13, 2013 9:52:01 DU Network.NetworkCommunicator$GameAdvertiser run
FINE: Sending game info...
máj. 13, 2013 9:52:02 DU Network.NetworkCommunicator$GameAdvertiser run
FINE: Sending game info...
máj. 13, 2013 9:52:03 DU Network.NetworkCommunicator$GameAdvertiser run
FINE: Sending game info...
máj. 13, 2013 9:52:04 DU Network.NetworkCommunicator$GameAdvertiser run
FINE: Sending game info...
máj. 13, 2013 9:52:05 DU Network.NetworkCommunicator$GameAdvertiser run
FINE: Sending game info...
máj. 13, 2013 9:52:06 DU Network.NetworkCommunicator$GameAdvertiser run
FINE: Sending game info...
máj. 13, 2013 9:52:07 DU Network.NetworkCommunicator$GameAdvertiser run
FINE: Sending game info...
máj. 13, 2013 9:52:08 DU Network.NetworkCommunicator$GameAdvertiser run
FINE: Sending game info...
máj. 13, 2013 9:52:09 DU Network.NetworkCommunicator$GameAdvertiser run
FINE: Sending game info...
máj. 13, 2013 9:52:10 DU Network.NetworkCommunicator$GameAdvertiser run
FINE: Sending game info...
máj. 13, 2013 9:52:11 DU Network.NetworkCommunicator$GameAdvertiser run
FINE: Sending game info...
máj. 13, 2013 9:52:12 DU Network.NetworkCommunicator$GameAdvertiser run
FINE: Sending game info...
máj. 13, 2013 9:52:13 DU Network.NetworkCommunicator$GameAdvertiser run
FINE: Sending game info...
máj. 13, 2013 9:52:14 DU Network.NetworkCommunicator$GameAdvertiser run
FINE: Sending game info...
máj. 13, 2013 9:52:15 DU Network.NetworkCommunicator$GameAdvertiser run
FINE: Sending game info...
máj. 13, 2013 9:52:16 DU Network.NetworkCommunicator$GameAdvertiser run
FINE: Sending game info...
máj. 13, 2013 9:52:17 DU Network.NetworkCommunicator$GameAdvertiser run
FINE: Sending game info...
máj. 13, 2013 9:52:18 DU Network.NetworkCommunicator$GameAdvertiser run
FINE: Sending game info...
máj. 13, 2013 9:52:19 DU Network.NetworkCommunicator$GameAdvertiser run
FINE: Sending game info...
máj. 13, 2013 9:52:20 DU Network.NetworkCommunicator$GameAdvertiser run
FINE: Sending game info...
máj. 13, 2013 9:52:21 DU Network.NetworkCommunicator$GameAdvertiser run
FINE: Sending game info...
máj. 13, 2013 9:52:22 DU Network.NetworkCommunicator$GameAdvertiser run
FINE: Sending game info...
máj. 13, 2013 9:52:23 DU Network.NetworkCommunicator$GameAdvertiser run
FINE: Sending game info...
máj. 13, 2013 9:52:24 DU Network.NetworkCommunicator$GameAdvertiser run
FINE: Sending game info...
máj. 13, 2013 9:52:25 DU Network.NetworkCommunicator$GameAdvertiser run
FINE: Sending game info...
máj. 13, 2013 9:52:26 DU Network.NetworkCommunicator$GameAdvertiser run
FINE: Sending game info...
máj. 13, 2013 9:52:27 DU Network.NetworkCommunicator$GameAdvertiser run
FINE: Sending game info...
máj. 13, 2013 9:52:28 DU Network.NetworkCommunicator$GameAdvertiser run
FINE: Sending game info...
máj. 13, 2013 9:52:29 DU Network.NetworkCommunicator$GameAdvertiser run
FINE: Sending game info...
máj. 13, 2013 9:52:30 DU Network.NetworkCommunicator$GameAdvertiser run
FINE: Sending game info...
máj. 13, 2013 9:52:31 DU Network.NetworkCommunicator$GameAdvertiser run
FINE: Sending game info...
máj. 13, 2013 9:52:32 DU Network.NetworkCommunicator$GameAdvertiser run
FINE: Sending game info...
máj. 13, 2013 9:52:33 DU Network.NetworkCommunicator$GameAdvertiser run
FINE: Sending game info...
máj. 13, 2013 9:52:34 DU Network.NetworkCommunicator$GameAdvertiser run
FINE: Sending game info...
máj. 13, 2013 9:52:35 DU Network.NetworkCommunicator$GameAdvertiser run
FINE: Sending game info...
máj. 13, 2013 9:52:36 DU Network.NetworkCommunicator$GameAdvertiser run
FINE: Sending game info...
máj. 13, 2013 9:52:37 DU Network.NetworkCommunicator$GameAdvertiser run
FINE: Sending game info...
máj. 13, 2013 9:52:38 DU Network.NetworkCommunicator$GameAdvertiser run
FINE: Sending game info...
máj. 13, 2013 9:52:39 DU Network.NetworkCommunicator$GameAdvertiser run
FINE: Sending game info...
máj. 13, 2013 9:52:40 DU Network.NetworkCommunicator$GameAdvertiser run
FINE: Sending game info...
máj. 13, 2013 9:52:41 DU Network.NetworkCommunicator$GameAdvertiser run
FINE: Sending game info...
máj. 13, 2013 9:52:42 DU Network.NetworkCommunicator$GameAdvertiser run
FINE: Sending game info...
máj. 13, 2013 9:52:43 DU Network.NetworkCommunicator$GameAdvertiser run
FINE: Sending game info...
máj. 13, 2013 9:52:44 DU Network.NetworkCommunicator$GameAdvertiser run
FINE: Sending game info...
máj. 13, 2013 9:52:45 DU Network.NetworkCommunicator$GameAdvertiser run
FINE: Sending game info...
máj. 13, 2013 9:52:46 DU Network.NetworkCommunicator$GameAdvertiser run
FINE: Sending game info...
máj. 13, 2013 9:52:47 DU Network.NetworkCommunicator$GameAdvertiser run
FINE: Sending game info...
máj. 13, 2013 9:52:48 DU Network.NetworkCommunicator$GameAdvertiser run
FINE: Sending game info...
máj. 13, 2013 9:52:49 DU Network.NetworkCommunicator$GameAdvertiser run
FINE: Sending game info...
máj. 13, 2013 9:52:50 DU Network.NetworkCommunicator$GameAdvertiser run
FINE: Sending game info...
máj. 13, 2013 9:52:51 DU Network.NetworkCommunicator$GameAdvertiser run
FINE: Sending game info...
máj. 13, 2013 9:52:52 DU Network.NetworkCommunicator$GameAdvertiser run
FINE: Sending game info...
máj. 13, 2013 9:52:53 DU Network.NetworkCommunicator$GameAdvertiser run
FINE: Sending game info...
máj. 13, 2013 9:52:54 DU Network.NetworkCommunicator$GameAdvertiser run
FINE: Sending game info...
máj. 13, 2013 9:52:55 DU Network.NetworkCommunicator$GameAdvertiser run
FINE: Sending game info...
máj. 13, 2013 9:52:56 DU Network.NetworkCommunicator$GameAdvertiser run
FINE: Sending game info...
máj. 13, 2013 9:52:57 DU Network.NetworkCommunicator$GameAdvertiser run
FINE: Sending game info...
máj. 13, 2013 9:52:58 DU Network.NetworkCommunicator$GameAdvertiser run
FINE: Sending game info...
máj. 13, 2013 9:52:59 DU Network.NetworkCommunicator$GameAdvertiser run
FINE: Sending game info...
máj. 13, 2013 9:53:00 DU Network.NetworkCommunicator$GameAdvertiser run
FINE: Sending game info...
máj. 13, 2013 9:53:01 DU Network.NetworkCommunicator$GameAdvertiser run
FINE: Sending game info...
máj. 13, 2013 9:53:02 DU Network.NetworkCommunicator$GameAdvertiser run
FINE: Sending game info...
máj. 13, 2013 9:53:03 DU Network.NetworkCommunicator$GameAdvertiser run
FINE: Sending game info...
máj. 13, 2013 9:53:04 DU Network.NetworkCommunicator$GameAdvertiser run
FINE: Sending game info...
máj. 13, 2013 9:53:05 DU Network.NetworkCommunicator$GameAdvertiser run
FINE: Sending game info...
máj. 13, 2013 9:53:06 DU Network.NetworkCommunicator$GameAdvertiser run
FINE: Sending game info...
máj. 13, 2013 9:53:07 DU Network.NetworkCommunicator$GameAdvertiser run
FINE: Sending game info...
máj. 13, 2013 9:53:08 DU Network.NetworkCommunicator$GameAdvertiser run
FINE: Sending game info...
máj. 13, 2013 9:53:09 DU Network.NetworkCommunicator$GameAdvertiser run
FINE: Sending game info...
máj. 13, 2013 9:53:10 DU Network.NetworkCommunicator$GameAdvertiser run
FINE: Sending game info...
máj. 13, 2013 9:53:11 DU Network.NetworkCommunicator$GameAdvertiser run
FINE: Sending game info...
máj. 13, 2013 9:53:12 DU Network.NetworkCommunicator$GameAdvertiser run
FINE: Sending game info...
máj. 13, 2013 9:53:13 DU Network.NetworkCommunicator$GameAdvertiser run
FINE: Sending game info...
máj. 13, 2013 9:53:14 DU Network.NetworkCommunicator$GameAdvertiser run
FINE: Sending game info...
máj. 13, 2013 9:53:15 DU Network.NetworkCommunicator$GameAdvertiser run
FINE: Sending game info...
máj. 13, 2013 9:53:16 DU Network.NetworkCommunicator$GameAdvertiser run
FINE: Sending game info...
máj. 13, 2013 9:53:17 DU Network.NetworkCommunicator$GameAdvertiser run
FINE: Sending game info...
máj. 13, 2013 9:53:18 DU Network.NetworkCommunicator$GameAdvertiser run
FINE: Sending game info...
máj. 13, 2013 9:53:19 DU Network.NetworkCommunicator$GameAdvertiser run
FINE: Sending game info...
máj. 13, 2013 9:53:20 DU Network.NetworkCommunicator$GameAdvertiser run
FINE: Sending game info...
máj. 13, 2013 9:53:21 DU Network.NetworkCommunicator$GameAdvertiser run
FINE: Sending game info...
máj. 13, 2013 9:53:22 DU Network.NetworkCommunicator$GameAdvertiser run
FINE: Sending game info...
máj. 13, 2013 9:53:23 DU Network.NetworkCommunicator$GameAdvertiser run
FINE: Sending game info...
máj. 13, 2013 9:53:24 DU Network.NetworkCommunicator$GameAdvertiser run
FINE: Sending game info...
máj. 13, 2013 9:53:25 DU Network.NetworkCommunicator$GameAdvertiser run
FINE: Sending game info...
máj. 13, 2013 9:53:26 DU Network.NetworkCommunicator$GameAdvertiser run
FINE: Sending game info...
máj. 13, 2013 9:53:27 DU Network.NetworkCommunicator$GameAdvertiser run
FINE: Sending game info...
máj. 13, 2013 9:53:28 DU Network.NetworkCommunicator$GameAdvertiser run
FINE: Sending game info...
máj. 13, 2013 9:53:29 DU Network.NetworkCommunicator$GameAdvertiser run
FINE: Sending game info...
máj. 13, 2013 9:53:30 DU Network.NetworkCommunicator$GameAdvertiser run
FINE: Sending game info...
máj. 13, 2013 9:53:31 DU Network.NetworkCommunicator$GameAdvertiser run
FINE: Sending game info...
máj. 13, 2013 9:53:32 DU Network.NetworkCommunicator$GameAdvertiser run
FINE: Sending game info...
máj. 13, 2013 9:53:33 DU Network.NetworkCommunicator$GameAdvertiser run
FINE: Sending game info...
máj. 13, 2013 9:53:34 DU Network.NetworkCommunicator$GameAdvertiser run
FINE: Sending game info...
máj. 13, 2013 9:53:35 DU Network.NetworkCommunicator$GameAdvertiser run
FINE: Sending game info...
máj. 13, 2013 9:53:36 DU Network.NetworkCommunicator$GameAdvertiser run
FINE: Sending game info...
máj. 13, 2013 9:53:37 DU Network.NetworkCommunicator$GameAdvertiser run
FINE: Sending game info...
máj. 13, 2013 9:53:38 DU Network.NetworkCommunicator$GameAdvertiser run
FINE: Sending game info...
máj. 13, 2013 9:53:39 DU Network.NetworkCommunicator$GameAdvertiser run
FINE: Sending game info...
máj. 13, 2013 9:53:40 DU Network.NetworkCommunicator$GameAdvertiser run
FINE: Sending game info...
máj. 13, 2013 9:53:41 DU Network.NetworkCommunicator$GameAdvertiser run
FINE: Sending game info...
máj. 13, 2013 9:53:42 DU Network.NetworkCommunicator$GameAdvertiser run
FINE: Sending game info...
máj. 13, 2013 9:53:43 DU Network.NetworkCommunicator$GameAdvertiser run
FINE: Sending game info...
máj. 13, 2013 9:53:44 DU Network.NetworkCommunicator$GameAdvertiser run
FINE: Sending game info...
máj. 13, 2013 9:53:45 DU Network.NetworkCommunicator$GameAdvertiser run
FINE: Sending game info...
máj. 13, 2013 9:53:46 DU Network.NetworkCommunicator$GameAdvertiser run
FINE: Sending game info...
máj. 13, 2013 9:53:47 DU Network.NetworkCommunicator$GameAdvertiser run
FINE: Sending game info...
máj. 13, 2013 9:53:48 DU Network.NetworkCommunicator$GameAdvertiser run
FINE: Sending game info...
máj. 13, 2013 9:53:49 DU Network.NetworkCommunicator$GameAdvertiser run
FINE: Sending game info...
máj. 13, 2013 9:53:50 DU Network.NetworkCommunicator$GameAdvertiser run
FINE: Sending game info...
máj. 13, 2013 9:53:51 DU Network.NetworkCommunicator$GameAdvertiser run
FINE: Sending game info...
máj. 13, 2013 9:53:52 DU Network.NetworkCommunicator$GameAdvertiser run
FINE: Sending game info...
máj. 13, 2013 9:53:53 DU Network.NetworkCommunicator$GameAdvertiser run
FINE: Sending game info...
máj. 13, 2013 9:53:54 DU Network.NetworkCommunicator$GameAdvertiser run
FINE: Sending game info...
máj. 13, 2013 9:53:55 DU Network.NetworkCommunicator$GameAdvertiser run
FINE: Sending game info...
máj. 13, 2013 9:53:56 DU Network.NetworkCommunicator$GameAdvertiser run
FINE: Sending game info...
máj. 13, 2013 9:53:57 DU Network.NetworkCommunicator$GameAdvertiser run
FINE: Sending game info...
máj. 13, 2013 9:53:58 DU Network.NetworkCommunicator$GameAdvertiser run
FINE: Sending game info...
máj. 13, 2013 9:53:59 DU Network.NetworkCommunicator$GameAdvertiser run
FINE: Sending game info...
máj. 13, 2013 9:54:00 DU Network.NetworkCommunicator$GameAdvertiser run
FINE: Sending game info...
máj. 13, 2013 9:54:01 DU Network.NetworkCommunicator$GameAdvertiser run
FINE: Sending game info...
máj. 13, 2013 9:54:02 DU Network.NetworkCommunicator$GameAdvertiser run
FINE: Sending game info...
máj. 13, 2013 9:54:03 DU Network.NetworkCommunicator$GameAdvertiser run
FINE: Sending game info...
máj. 13, 2013 9:54:04 DU Network.NetworkCommunicator$GameAdvertiser run
FINE: Sending game info...
máj. 13, 2013 9:54:05 DU Network.NetworkCommunicator$GameAdvertiser run
FINE: Sending game info...
máj. 13, 2013 9:54:06 DU Network.NetworkCommunicator$GameAdvertiser run
FINE: Sending game info...
máj. 13, 2013 9:54:07 DU Network.NetworkCommunicator$GameAdvertiser run
FINE: Sending game info...
máj. 13, 2013 9:54:08 DU Network.NetworkCommunicator$GameAdvertiser run
FINE: Sending game info...
máj. 13, 2013 9:54:09 DU Network.NetworkCommunicator$GameAdvertiser run
FINE: Sending game info...
máj. 13, 2013 9:54:10 DU Network.NetworkCommunicator$GameAdvertiser run
FINE: Sending game info...
máj. 13, 2013 9:54:11 DU Network.NetworkCommunicator$GameAdvertiser run
FINE: Sending game info...
máj. 13, 2013 9:54:12 DU Network.NetworkCommunicator$GameAdvertiser run
FINE: Sending game info...
máj. 13, 2013 9:54:13 DU Network.NetworkCommunicator$GameAdvertiser run
FINE: Sending game info...
máj. 13, 2013 9:54:14 DU Network.NetworkCommunicator$GameAdvertiser run
FINE: Sending game info...
máj. 13, 2013 9:54:15 DU Network.NetworkCommunicator$GameAdvertiser run
FINE: Sending game info...
máj. 13, 2013 9:54:16 DU Network.NetworkCommunicator$GameAdvertiser run
FINE: Sending game info...
máj. 13, 2013 9:54:17 DU Network.NetworkCommunicator$GameAdvertiser run
FINE: Sending game info...
máj. 13, 2013 9:54:18 DU Network.NetworkCommunicator$GameAdvertiser run
FINE: Sending game info...
máj. 13, 2013 9:54:19 DU Network.NetworkCommunicator$GameAdvertiser run
FINE: Sending game info...
máj. 13, 2013 9:54:20 DU Network.NetworkCommunicator$GameAdvertiser run
FINE: Sending game info...
máj. 13, 2013 9:54:21 DU Network.NetworkCommunicator$GameAdvertiser run
FINE: Sending game info...
máj. 13, 2013 9:54:22 DU Network.NetworkCommunicator$GameAdvertiser run
FINE: Sending game info...
máj. 13, 2013 9:54:23 DU Network.NetworkCommunicator$GameAdvertiser run
FINE: Sending game info...
máj. 13, 2013 9:54:24 DU Network.NetworkCommunicator$GameAdvertiser run
FINE: Sending game info...
máj. 13, 2013 9:54:25 DU Network.NetworkCommunicator$GameAdvertiser run
FINE: Sending game info...
máj. 13, 2013 9:54:26 DU Network.NetworkCommunicator$GameAdvertiser run
FINE: Sending game info...
máj. 13, 2013 9:54:27 DU Network.NetworkCommunicator$GameAdvertiser run
FINE: Sending game info...
máj. 13, 2013 9:54:28 DU Network.NetworkCommunicator$GameAdvertiser run
FINE: Sending game info...
máj. 13, 2013 9:54:29 DU Network.NetworkCommunicator$GameAdvertiser run
FINE: Sending game info...
máj. 13, 2013 9:54:30 DU Network.NetworkCommunicator$GameAdvertiser run
FINE: Sending game info...
máj. 13, 2013 9:54:31 DU Network.NetworkCommunicator$GameAdvertiser run
FINE: Sending game info...
máj. 13, 2013 9:54:32 DU Network.NetworkCommunicator$GameAdvertiser run
FINE: Sending game info...
máj. 13, 2013 9:54:33 DU Network.NetworkCommunicator$GameAdvertiser run
FINE: Sending game info...
máj. 13, 2013 9:54:34 DU Network.NetworkCommunicator$GameAdvertiser run
FINE: Sending game info...
máj. 13, 2013 9:54:35 DU Network.NetworkCommunicator$GameAdvertiser run
FINE: Sending game info...
máj. 13, 2013 9:54:36 DU Network.NetworkCommunicator$GameAdvertiser run
FINE: Sending game info...
máj. 13, 2013 9:54:37 DU Network.NetworkCommunicator$GameAdvertiser run
FINE: Sending game info...
máj. 13, 2013 9:54:38 DU Network.NetworkCommunicator$GameAdvertiser run
FINE: Sending game info...
máj. 13, 2013 9:54:39 DU Network.NetworkCommunicator$GameAdvertiser run
FINE: Sending game info...
máj. 13, 2013 9:54:40 DU Network.NetworkCommunicator$GameAdvertiser run
FINE: Sending game info...
máj. 13, 2013 9:54:41 DU Network.NetworkCommunicator$GameAdvertiser run
FINE: Sending game info...
máj. 13, 2013 9:54:42 DU Network.NetworkCommunicator$GameAdvertiser run
FINE: Sending game info...
máj. 13, 2013 9:54:43 DU Network.NetworkCommunicator$GameAdvertiser run
FINE: Sending game info...
máj. 13, 2013 9:54:44 DU Network.NetworkCommunicator$GameAdvertiser run
FINE: Sending game info...
máj. 13, 2013 9:54:45 DU Network.NetworkCommunicator$GameAdvertiser run
FINE: Sending game info...
máj. 13, 2013 9:54:46 DU Network.NetworkCommunicator$GameAdvertiser run
FINE: Sending game info...
máj. 13, 2013 9:54:47 DU Network.NetworkCommunicator$GameAdvertiser run
FINE: Sending game info...
máj. 13, 2013 9:54:48 DU Network.NetworkCommunicator$GameAdvertiser run
FINE: Sending game info...
máj. 13, 2013 9:54:49 DU Network.NetworkCommunicator$GameAdvertiser run
FINE: Sending game info...
máj. 13, 2013 9:54:50 DU Network.NetworkCommunicator$GameAdvertiser run
FINE: Sending game info...
máj. 13, 2013 9:54:51 DU Network.NetworkCommunicator$GameAdvertiser run
FINE: Sending game info...
máj. 13, 2013 9:54:52 DU Network.NetworkCommunicator$GameAdvertiser run
FINE: Sending game info...
máj. 13, 2013 9:54:53 DU Network.NetworkCommunicator$GameAdvertiser run
FINE: Sending game info...
máj. 13, 2013 9:54:54 DU Network.NetworkCommunicator$GameAdvertiser run
FINE: Sending game info...
máj. 13, 2013 9:54:55 DU Network.NetworkCommunicator$GameAdvertiser run
FINE: Sending game info...
máj. 13, 2013 9:54:56 DU Network.NetworkCommunicator$GameAdvertiser run
FINE: Sending game info...
máj. 13, 2013 9:54:57 DU Network.NetworkCommunicator$GameAdvertiser run
FINE: Sending game info...
máj. 13, 2013 9:54:58 DU Network.NetworkCommunicator$GameAdvertiser run
FINE: Sending game info...
máj. 13, 2013 9:54:59 DU Network.NetworkCommunicator$GameAdvertiser run
FINE: Sending game info...
máj. 13, 2013 9:55:00 DU Network.NetworkCommunicator$GameAdvertiser run
FINE: Sending game info...
máj. 13, 2013 9:55:01 DU Network.NetworkCommunicator$GameAdvertiser run
FINE: Sending game info...
máj. 13, 2013 9:55:02 DU Network.NetworkCommunicator$GameAdvertiser run
FINE: Sending game info...
máj. 13, 2013 9:55:03 DU Network.NetworkCommunicator$GameAdvertiser run
FINE: Sending game info...
máj. 13, 2013 9:55:04 DU Network.NetworkCommunicator$GameAdvertiser run
FINE: Sending game info...
máj. 13, 2013 9:55:05 DU Network.NetworkCommunicator$GameAdvertiser run
FINE: Sending game info...
máj. 13, 2013 9:55:06 DU Network.NetworkCommunicator$GameAdvertiser run
FINE: Sending game info...
máj. 13, 2013 9:55:07 DU Network.NetworkCommunicator$GameAdvertiser run
FINE: Sending game info...
máj. 13, 2013 9:55:08 DU Network.NetworkCommunicator$GameAdvertiser run
FINE: Sending game info...
máj. 13, 2013 9:55:09 DU Network.NetworkCommunicator$GameAdvertiser run
FINE: Sending game info...
máj. 13, 2013 9:55:10 DU Network.NetworkCommunicator$GameAdvertiser run
FINE: Sending game info...
máj. 13, 2013 9:55:11 DU Network.NetworkCommunicator$GameAdvertiser run
FINE: Sending game info...
máj. 13, 2013 9:55:12 DU Network.NetworkCommunicator$GameAdvertiser run
FINE: Sending game info...
máj. 13, 2013 9:55:13 DU Network.NetworkCommunicator$GameAdvertiser run
FINE: Sending game info...
máj. 13, 2013 9:55:14 DU Network.NetworkCommunicator$GameAdvertiser run
FINE: Sending game info...
máj. 13, 2013 9:55:15 DU Network.NetworkCommunicator$GameAdvertiser run
FINE: Sending game info...
máj. 13, 2013 9:55:16 DU Network.NetworkCommunicator$GameAdvertiser run
FINE: Sending game info...
máj. 13, 2013 9:55:17 DU Network.NetworkCommunicator$GameAdvertiser run
FINE: Sending game info...
máj. 13, 2013 9:55:18 DU Network.NetworkCommunicator$GameAdvertiser run
FINE: Sending game info...
máj. 13, 2013 9:55:19 DU Network.NetworkCommunicator$GameAdvertiser run
FINE: Sending game info...
máj. 13, 2013 9:55:20 DU Network.NetworkCommunicator$GameAdvertiser run
FINE: Sending game info...
máj. 13, 2013 9:55:21 DU Network.NetworkCommunicator$GameAdvertiser run
FINE: Sending game info...
máj. 13, 2013 9:55:22 DU Network.NetworkCommunicator$GameAdvertiser run
FINE: Sending game info...
máj. 13, 2013 9:55:23 DU Network.NetworkCommunicator$GameAdvertiser run
FINE: Sending game info...
máj. 13, 2013 9:55:24 DU Network.NetworkCommunicator$GameAdvertiser run
FINE: Sending game info...
máj. 13, 2013 9:55:25 DU Network.NetworkCommunicator$GameAdvertiser run
FINE: Sending game info...
máj. 13, 2013 9:55:26 DU Network.NetworkCommunicator$GameAdvertiser run
FINE: Sending game info...
máj. 13, 2013 9:55:27 DU Network.NetworkCommunicator$GameAdvertiser run
FINE: Sending game info...
máj. 13, 2013 9:55:28 DU Network.NetworkCommunicator$GameAdvertiser run
FINE: Sending game info...
máj. 13, 2013 9:55:29 DU Network.NetworkCommunicator$GameAdvertiser run
FINE: Sending game info...
máj. 13, 2013 9:55:30 DU Network.NetworkCommunicator$GameAdvertiser run
FINE: Sending game info...
máj. 13, 2013 9:55:31 DU Network.NetworkCommunicator$GameAdvertiser run
FINE: Sending game info...
máj. 13, 2013 9:55:32 DU Network.NetworkCommunicator$GameAdvertiser run
FINE: Sending game info...
máj. 13, 2013 9:55:33 DU Network.NetworkCommunicator$GameAdvertiser run
FINE: Sending game info...
máj. 13, 2013 9:55:34 DU Network.NetworkCommunicator$GameAdvertiser run
FINE: Sending game info...
máj. 13, 2013 9:55:35 DU Network.NetworkCommunicator$GameAdvertiser run
FINE: Sending game info...
máj. 13, 2013 9:55:36 DU Network.NetworkCommunicator$GameAdvertiser run
FINE: Sending game info...
máj. 13, 2013 9:55:37 DU Network.NetworkCommunicator$GameAdvertiser run
FINE: Sending game info...
máj. 13, 2013 9:55:38 DU Network.NetworkCommunicator$GameAdvertiser run
FINE: Sending game info...
máj. 13, 2013 9:55:39 DU Network.NetworkCommunicator$GameAdvertiser run
FINE: Sending game info...
máj. 13, 2013 9:55:40 DU Network.NetworkCommunicator$GameAdvertiser run
FINE: Sending game info...
máj. 13, 2013 9:55:41 DU Network.NetworkCommunicator$GameAdvertiser run
FINE: Sending game info...
máj. 13, 2013 9:55:42 DU Network.NetworkCommunicator$GameAdvertiser run
FINE: Sending game info...
máj. 13, 2013 9:55:43 DU Network.NetworkCommunicator$GameAdvertiser run
FINE: Sending game info...
máj. 13, 2013 9:55:44 DU Network.NetworkCommunicator$GameAdvertiser run
FINE: Sending game info...
máj. 13, 2013 9:55:45 DU Network.NetworkCommunicator$GameAdvertiser run
FINE: Sending game info...
máj. 13, 2013 9:55:46 DU Network.NetworkCommunicator$GameAdvertiser run
FINE: Sending game info...
máj. 13, 2013 9:55:47 DU Network.NetworkCommunicator$GameAdvertiser run
FINE: Sending game info...
máj. 13, 2013 9:55:48 DU Network.NetworkCommunicator$GameAdvertiser run
FINE: Sending game info...
máj. 13, 2013 9:55:49 DU Network.NetworkCommunicator$GameAdvertiser run
FINE: Sending game info...
máj. 13, 2013 9:55:50 DU Network.NetworkCommunicator$GameAdvertiser run
FINE: Sending game info...
máj. 13, 2013 9:55:51 DU Network.NetworkCommunicator$GameAdvertiser run
FINE: Sending game info...
máj. 13, 2013 9:55:52 DU Network.NetworkCommunicator$GameAdvertiser run
FINE: Sending game info...
máj. 13, 2013 9:55:53 DU Network.NetworkCommunicator$GameAdvertiser run
FINE: Sending game info...
máj. 13, 2013 9:55:54 DU Network.NetworkCommunicator$GameAdvertiser run
FINE: Sending game info...
máj. 13, 2013 9:55:55 DU Network.NetworkCommunicator$GameAdvertiser run
FINE: Sending game info...
máj. 13, 2013 9:55:56 DU Network.NetworkCommunicator$GameAdvertiser run
FINE: Sending game info...
máj. 13, 2013 9:55:57 DU Network.NetworkCommunicator$GameAdvertiser run
FINE: Sending game info...
máj. 13, 2013 9:55:58 DU Network.NetworkCommunicator$GameAdvertiser run
FINE: Sending game info...
máj. 13, 2013 9:55:59 DU Network.NetworkCommunicator$GameAdvertiser run
FINE: Sending game info...
máj. 13, 2013 9:56:00 DU Network.NetworkCommunicator$GameAdvertiser run
FINE: Sending game info...
máj. 13, 2013 9:56:01 DU Network.NetworkCommunicator$GameAdvertiser run
FINE: Sending game info...
máj. 13, 2013 9:56:02 DU Network.NetworkCommunicator$GameAdvertiser run
FINE: Sending game info...
máj. 13, 2013 9:56:03 DU Network.NetworkCommunicator$GameAdvertiser run
FINE: Sending game info...
máj. 13, 2013 9:56:04 DU Network.NetworkCommunicator$GameAdvertiser run
FINE: Sending game info...
máj. 13, 2013 9:56:05 DU Network.NetworkCommunicator$GameAdvertiser run
FINE: Sending game info...
máj. 13, 2013 9:56:06 DU Network.NetworkCommunicator$GameAdvertiser run
FINE: Sending game info...
máj. 13, 2013 9:56:07 DU Network.NetworkCommunicator$GameAdvertiser run
FINE: Sending game info...
máj. 13, 2013 9:56:08 DU Network.NetworkCommunicator$GameAdvertiser run
FINE: Sending game info...
máj. 13, 2013 9:56:09 DU Network.NetworkCommunicator$GameAdvertiser run
FINE: Sending game info...
máj. 13, 2013 9:56:10 DU Network.NetworkCommunicator$GameAdvertiser run
FINE: Sending game info...
máj. 13, 2013 9:56:11 DU Network.NetworkCommunicator$GameAdvertiser run
FINE: Sending game info...
máj. 13, 2013 9:56:12 DU Network.NetworkCommunicator$GameAdvertiser run
FINE: Sending game info...
máj. 13, 2013 9:56:13 DU Network.NetworkCommunicator$GameAdvertiser run
FINE: Sending game info...
máj. 13, 2013 9:56:14 DU Network.NetworkCommunicator$GameAdvertiser run
FINE: Sending game info...
máj. 13, 2013 9:56:15 DU Network.NetworkCommunicator$GameAdvertiser run
FINE: Sending game info...
máj. 13, 2013 9:56:16 DU Network.NetworkCommunicator$GameAdvertiser run
FINE: Sending game info...
máj. 13, 2013 9:56:17 DU Network.NetworkCommunicator$GameAdvertiser run
FINE: Sending game info...
máj. 13, 2013 9:56:18 DU Network.NetworkCommunicator$GameAdvertiser run
FINE: Sending game info...
máj. 13, 2013 9:56:19 DU Network.NetworkCommunicator$GameAdvertiser run
FINE: Sending game info...
máj. 13, 2013 9:56:20 DU Network.NetworkCommunicator$GameAdvertiser run
FINE: Sending game info...
máj. 13, 2013 9:56:21 DU Network.NetworkCommunicator$GameAdvertiser run
FINE: Sending game info...
máj. 13, 2013 9:56:22 DU Network.NetworkCommunicator$GameAdvertiser run
FINE: Sending game info...
máj. 13, 2013 9:56:23 DU Network.NetworkCommunicator$GameAdvertiser run
FINE: Sending game info...
máj. 13, 2013 9:56:24 DU Network.NetworkCommunicator$GameAdvertiser run
FINE: Sending game info...
máj. 13, 2013 9:56:25 DU Network.NetworkCommunicator$GameAdvertiser run
FINE: Sending game info...
máj. 13, 2013 9:56:26 DU Network.NetworkCommunicator$GameAdvertiser run
FINE: Sending game info...
máj. 13, 2013 9:56:27 DU Network.NetworkCommunicator$GameAdvertiser run
FINE: Sending game info...
máj. 13, 2013 9:56:28 DU Network.NetworkCommunicator$GameAdvertiser run
FINE: Sending game info...
máj. 13, 2013 9:56:29 DU Network.NetworkCommunicator$GameAdvertiser run
FINE: Sending game info...
máj. 13, 2013 9:56:30 DU Network.NetworkCommunicator$GameAdvertiser run
FINE: Sending game info...
máj. 13, 2013 9:56:31 DU Network.NetworkCommunicator$GameAdvertiser run
FINE: Sending game info...
máj. 13, 2013 9:56:32 DU Network.NetworkCommunicator$GameAdvertiser run
FINE: Sending game info...
máj. 13, 2013 9:56:33 DU Network.NetworkCommunicator$GameAdvertiser run
FINE: Sending game info...
máj. 13, 2013 9:56:34 DU Network.NetworkCommunicator$GameAdvertiser run
FINE: Sending game info...
máj. 13, 2013 9:56:35 DU Network.NetworkCommunicator$GameAdvertiser run
FINE: Sending game info...
máj. 13, 2013 9:56:36 DU Network.NetworkCommunicator$GameAdvertiser run
FINE: Sending game info...
máj. 13, 2013 9:56:37 DU Network.NetworkCommunicator$GameAdvertiser run
FINE: Sending game info...
máj. 13, 2013 9:56:38 DU Network.NetworkCommunicator$GameAdvertiser run
FINE: Sending game info...
máj. 13, 2013 9:56:39 DU Network.NetworkCommunicator$GameAdvertiser run
FINE: Sending game info...
máj. 13, 2013 9:56:40 DU Network.NetworkCommunicator$GameAdvertiser run
FINE: Sending game info...
máj. 13, 2013 9:56:41 DU Network.NetworkCommunicator$GameAdvertiser run
FINE: Sending game info...
máj. 13, 2013 9:56:42 DU Network.NetworkCommunicator$GameAdvertiser run
FINE: Sending game info...
máj. 13, 2013 9:56:43 DU Network.NetworkCommunicator$GameAdvertiser run
FINE: Sending game info...
máj. 13, 2013 9:56:44 DU Network.NetworkCommunicator$GameAdvertiser run
FINE: Sending game info...
máj. 13, 2013 9:56:45 DU Network.NetworkCommunicator$GameAdvertiser run
FINE: Sending game info...
máj. 13, 2013 9:56:46 DU Network.NetworkCommunicator$GameAdvertiser run
FINE: Sending game info...
máj. 13, 2013 9:56:47 DU Network.NetworkCommunicator$GameAdvertiser run
FINE: Sending game info...
máj. 13, 2013 9:56:48 DU Network.NetworkCommunicator$GameAdvertiser run
FINE: Sending game info...
máj. 13, 2013 9:56:49 DU Network.NetworkCommunicator$GameAdvertiser run
FINE: Sending game info...
máj. 13, 2013 9:56:50 DU Network.NetworkCommunicator$GameAdvertiser run
FINE: Sending game info...
máj. 13, 2013 9:56:51 DU Network.NetworkCommunicator$GameAdvertiser run
FINE: Sending game info...
máj. 13, 2013 9:56:52 DU Network.NetworkCommunicator$GameAdvertiser run
FINE: Sending game info...
máj. 13, 2013 9:56:53 DU Network.NetworkCommunicator$GameAdvertiser run
FINE: Sending game info...
máj. 13, 2013 9:56:54 DU Network.NetworkCommunicator$GameAdvertiser run
FINE: Sending game info...
máj. 13, 2013 9:56:55 DU Network.NetworkCommunicator$GameAdvertiser run
FINE: Sending game info...
máj. 13, 2013 9:56:56 DU Network.NetworkCommunicator$GameAdvertiser run
FINE: Sending game info...
máj. 13, 2013 9:56:57 DU Network.NetworkCommunicator$GameAdvertiser run
FINE: Sending game info...
máj. 13, 2013 9:56:58 DU Network.NetworkCommunicator$GameAdvertiser run
FINE: Sending game info...
máj. 13, 2013 9:56:59 DU Network.NetworkCommunicator$GameAdvertiser run
FINE: Sending game info...
máj. 13, 2013 9:57:00 DU Network.NetworkCommunicator$GameAdvertiser run
FINE: Sending game info...
máj. 13, 2013 9:57:01 DU Network.NetworkCommunicator$GameAdvertiser run
FINE: Sending game info...
máj. 13, 2013 9:57:02 DU Network.NetworkCommunicator$GameAdvertiser run
FINE: Sending game info...
máj. 13, 2013 9:57:03 DU Network.NetworkCommunicator$GameAdvertiser run
FINE: Sending game info...
máj. 13, 2013 9:57:04 DU Network.NetworkCommunicator$GameAdvertiser run
FINE: Sending game info...
máj. 13, 2013 9:57:05 DU Network.NetworkCommunicator$GameAdvertiser run
FINE: Sending game info...
máj. 13, 2013 9:57:06 DU Network.NetworkCommunicator$GameAdvertiser run
FINE: Sending game info...
máj. 13, 2013 9:57:07 DU Network.NetworkCommunicator$GameAdvertiser run
FINE: Sending game info...
máj. 13, 2013 9:57:08 DU Network.NetworkCommunicator$GameAdvertiser run
FINE: Sending game info...
máj. 13, 2013 9:57:09 DU Network.NetworkCommunicator$GameAdvertiser run
FINE: Sending game info...
máj. 13, 2013 9:57:10 DU Network.NetworkCommunicator$GameAdvertiser run
FINE: Sending game info...
máj. 13, 2013 9:57:11 DU Network.NetworkCommunicator$GameAdvertiser run
FINE: Sending game info...
máj. 13, 2013 9:57:12 DU Network.NetworkCommunicator$GameAdvertiser run
FINE: Sending game info...
máj. 13, 2013 9:57:13 DU Network.NetworkCommunicator$GameAdvertiser run
FINE: Sending game info...
máj. 13, 2013 9:57:14 DU Network.NetworkCommunicator$GameAdvertiser run
FINE: Sending game info...
máj. 13, 2013 9:57:15 DU Network.NetworkCommunicator$GameAdvertiser run
FINE: Sending game info...
máj. 13, 2013 9:57:16 DU Network.NetworkCommunicator$GameAdvertiser run
FINE: Sending game info...
máj. 13, 2013 9:57:17 DU Network.NetworkCommunicator$GameAdvertiser run
FINE: Sending game info...
máj. 13, 2013 9:57:18 DU Network.NetworkCommunicator$GameAdvertiser run
FINE: Sending game info...
máj. 13, 2013 9:57:19 DU Network.NetworkCommunicator$GameAdvertiser run
FINE: Sending game info...
máj. 13, 2013 9:57:20 DU Network.NetworkCommunicator$GameAdvertiser run
FINE: Sending game info...
máj. 13, 2013 9:57:21 DU Network.NetworkCommunicator$GameAdvertiser run
FINE: Sending game info...
máj. 13, 2013 9:57:22 DU Network.NetworkCommunicator$GameAdvertiser run
FINE: Sending game info...
máj. 13, 2013 9:57:23 DU Network.NetworkCommunicator$GameAdvertiser run
FINE: Sending game info...
máj. 13, 2013 9:57:24 DU Network.NetworkCommunicator$GameAdvertiser run
FINE: Sending game info...
máj. 13, 2013 9:57:25 DU Network.NetworkCommunicator$GameAdvertiser run
FINE: Sending game info...
máj. 13, 2013 9:57:26 DU Network.NetworkCommunicator$GameAdvertiser run
FINE: Sending game info...
máj. 13, 2013 9:57:27 DU Network.NetworkCommunicator$GameAdvertiser run
FINE: Sending game info...
máj. 13, 2013 9:57:28 DU Network.NetworkCommunicator$GameAdvertiser run
FINE: Sending game info...
máj. 13, 2013 9:57:29 DU Network.NetworkCommunicator$GameAdvertiser run
FINE: Sending game info...
máj. 13, 2013 9:57:30 DU Network.NetworkCommunicator$GameAdvertiser run
FINE: Sending game info...
máj. 13, 2013 9:57:31 DU Network.NetworkCommunicator$GameAdvertiser run
FINE: Sending game info...
máj. 13, 2013 9:57:32 DU Network.NetworkCommunicator$GameAdvertiser run
FINE: Sending game info...
máj. 13, 2013 9:57:33 DU Network.NetworkCommunicator$GameAdvertiser run
FINE: Sending game info...
máj. 13, 2013 9:57:34 DU Network.NetworkCommunicator$GameAdvertiser run
FINE: Sending game info...
máj. 13, 2013 9:57:35 DU Network.NetworkCommunicator$GameAdvertiser run
FINE: Sending game info...
máj. 13, 2013 9:57:36 DU Network.NetworkCommunicator$GameAdvertiser run
FINE: Sending game info...
máj. 13, 2013 9:57:37 DU Network.NetworkCommunicator$GameAdvertiser run
FINE: Sending game info...
máj. 13, 2013 9:57:38 DU Network.NetworkCommunicator$GameAdvertiser run
FINE: Sending game info...
máj. 13, 2013 9:57:39 DU Network.NetworkCommunicator$GameAdvertiser run
FINE: Sending game info...
máj. 13, 2013 9:57:40 DU Network.NetworkCommunicator$GameAdvertiser run
FINE: Sending game info...
máj. 13, 2013 9:57:41 DU Network.NetworkCommunicator$GameAdvertiser run
FINE: Sending game info...
máj. 13, 2013 9:57:42 DU Network.NetworkCommunicator$GameAdvertiser run
FINE: Sending game info...
máj. 13, 2013 9:57:43 DU Network.NetworkCommunicator$GameAdvertiser run
FINE: Sending game info...
máj. 13, 2013 9:57:44 DU Network.NetworkCommunicator$GameAdvertiser run
FINE: Sending game info...
máj. 13, 2013 9:57:45 DU Network.NetworkCommunicator$GameAdvertiser run
FINE: Sending game info...
máj. 13, 2013 9:57:46 DU Network.NetworkCommunicator$GameAdvertiser run
FINE: Sending game info...
máj. 13, 2013 9:57:47 DU Network.NetworkCommunicator$GameAdvertiser run
FINE: Sending game info...
máj. 13, 2013 9:57:48 DU Network.NetworkCommunicator$GameAdvertiser run
FINE: Sending game info...
máj. 13, 2013 9:57:49 DU Network.NetworkCommunicator$GameAdvertiser run
FINE: Sending game info...
máj. 13, 2013 9:57:50 DU Network.NetworkCommunicator$GameAdvertiser run
FINE: Sending game info...
máj. 13, 2013 9:57:51 DU Network.NetworkCommunicator$GameAdvertiser run
FINE: Sending game info...
máj. 13, 2013 9:57:52 DU Network.NetworkCommunicator$GameAdvertiser run
FINE: Sending game info...
máj. 13, 2013 9:57:53 DU Network.NetworkCommunicator$GameAdvertiser run
FINE: Sending game info...
máj. 13, 2013 9:57:54 DU Network.NetworkCommunicator$GameAdvertiser run
FINE: Sending game info...
máj. 13, 2013 9:57:55 DU Network.NetworkCommunicator$GameAdvertiser run
FINE: Sending game info...
máj. 13, 2013 9:57:56 DU Network.NetworkCommunicator$GameAdvertiser run
FINE: Sending game info...
máj. 13, 2013 9:57:57 DU Network.NetworkCommunicator$GameAdvertiser run
FINE: Sending game info...
máj. 13, 2013 9:57:58 DU Network.NetworkCommunicator$GameAdvertiser run
FINE: Sending game info...
máj. 13, 2013 9:57:59 DU Network.NetworkCommunicator$GameAdvertiser run
FINE: Sending game info...
máj. 13, 2013 9:58:00 DU Network.NetworkCommunicator$GameAdvertiser run
FINE: Sending game info...
máj. 13, 2013 9:58:01 DU Network.NetworkCommunicator$GameAdvertiser run
FINE: Sending game info...
máj. 13, 2013 9:58:02 DU Network.NetworkCommunicator$GameAdvertiser run
FINE: Sending game info...
máj. 13, 2013 9:58:03 DU Network.NetworkCommunicator$GameAdvertiser run
FINE: Sending game info...
máj. 13, 2013 9:58:04 DU Network.NetworkCommunicator$GameAdvertiser run
FINE: Sending game info...
máj. 13, 2013 9:58:05 DU Network.NetworkCommunicator$GameAdvertiser run
FINE: Sending game info...
máj. 13, 2013 9:58:06 DU Network.NetworkCommunicator$GameAdvertiser run
FINE: Sending game info...
máj. 13, 2013 9:58:07 DU Network.NetworkCommunicator$GameAdvertiser run
FINE: Sending game info...
máj. 13, 2013 9:58:08 DU Network.NetworkCommunicator$GameAdvertiser run
FINE: Sending game info...
máj. 13, 2013 9:58:09 DU Network.NetworkCommunicator$GameAdvertiser run
FINE: Sending game info...
máj. 13, 2013 9:58:10 DU Network.NetworkCommunicator$GameAdvertiser run
FINE: Sending game info...
máj. 13, 2013 9:58:11 DU Network.NetworkCommunicator$GameAdvertiser run
FINE: Sending game info...
máj. 13, 2013 9:58:12 DU Network.NetworkCommunicator$GameAdvertiser run
FINE: Sending game info...
máj. 13, 2013 9:58:13 DU Network.NetworkCommunicator$GameAdvertiser run
FINE: Sending game info...
máj. 13, 2013 9:58:14 DU Network.NetworkCommunicator$GameAdvertiser run
FINE: Sending game info...
máj. 13, 2013 9:58:15 DU Network.NetworkCommunicator$GameAdvertiser run
FINE: Sending game info...
máj. 13, 2013 9:58:16 DU Network.NetworkCommunicator$GameAdvertiser run
FINE: Sending game info...
máj. 13, 2013 9:58:17 DU Network.NetworkCommunicator$GameAdvertiser run
FINE: Sending game info...
máj. 13, 2013 9:58:18 DU Network.NetworkCommunicator$GameAdvertiser run
FINE: Sending game info...
máj. 13, 2013 9:58:19 DU Network.NetworkCommunicator$GameAdvertiser run
FINE: Sending game info...
máj. 13, 2013 9:58:20 DU Network.NetworkCommunicator$GameAdvertiser run
FINE: Sending game info...
máj. 13, 2013 9:58:21 DU Network.NetworkCommunicator$GameAdvertiser run
FINE: Sending game info...
máj. 13, 2013 9:58:22 DU Network.NetworkCommunicator$GameAdvertiser run
FINE: Sending game info...
máj. 13, 2013 9:58:23 DU Network.NetworkCommunicator$GameAdvertiser run
FINE: Sending game info...
máj. 13, 2013 9:58:24 DU Network.NetworkCommunicator$GameAdvertiser run
FINE: Sending game info...
máj. 13, 2013 9:58:25 DU Network.NetworkCommunicator$GameAdvertiser run
FINE: Sending game info...
máj. 13, 2013 9:58:26 DU Network.NetworkCommunicator$GameAdvertiser run
FINE: Sending game info...
máj. 13, 2013 9:58:27 DU Network.NetworkCommunicator$GameAdvertiser run
FINE: Sending game info...
máj. 13, 2013 9:58:28 DU Network.NetworkCommunicator$GameAdvertiser run
FINE: Sending game info...
máj. 13, 2013 9:58:29 DU Network.NetworkCommunicator$GameAdvertiser run
FINE: Sending game info...
máj. 13, 2013 9:58:30 DU Network.NetworkCommunicator$GameAdvertiser run
FINE: Sending game info...
máj. 13, 2013 9:58:31 DU Network.NetworkCommunicator$GameAdvertiser run
FINE: Sending game info...
máj. 13, 2013 9:58:32 DU Network.NetworkCommunicator$GameAdvertiser run
FINE: Sending game info...
máj. 13, 2013 9:58:33 DU Network.NetworkCommunicator$GameAdvertiser run
FINE: Sending game info...
máj. 13, 2013 9:58:34 DU Network.NetworkCommunicator$GameAdvertiser run
FINE: Sending game info...
máj. 13, 2013 9:58:35 DU Network.NetworkCommunicator$GameAdvertiser run
FINE: Sending game info...
máj. 13, 2013 9:58:36 DU Network.NetworkCommunicator$GameAdvertiser run
FINE: Sending game info...
máj. 13, 2013 9:58:37 DU Network.NetworkCommunicator$GameAdvertiser run
FINE: Sending game info...
máj. 13, 2013 9:58:38 DU Network.NetworkCommunicator$GameAdvertiser run
FINE: Sending game info...
máj. 13, 2013 9:58:39 DU Network.NetworkCommunicator$GameAdvertiser run
FINE: Sending game info...
máj. 13, 2013 9:58:40 DU Network.NetworkCommunicator$GameAdvertiser run
FINE: Sending game info...
máj. 13, 2013 9:58:41 DU Network.NetworkCommunicator$GameAdvertiser run
FINE: Sending game info...
máj. 13, 2013 9:58:42 DU Network.NetworkCommunicator$GameAdvertiser run
FINE: Sending game info...
máj. 13, 2013 9:58:43 DU Network.NetworkCommunicator$GameAdvertiser run
FINE: Sending game info...
máj. 13, 2013 9:58:44 DU Network.NetworkCommunicator$GameAdvertiser run
FINE: Sending game info...
máj. 13, 2013 9:58:45 DU Network.NetworkCommunicator$GameAdvertiser run
FINE: Sending game info...
máj. 13, 2013 9:58:46 DU Network.NetworkCommunicator$GameAdvertiser run
FINE: Sending game info...
máj. 13, 2013 9:58:47 DU Network.NetworkCommunicator$GameAdvertiser run
FINE: Sending game info...
máj. 13, 2013 9:58:48 DU Network.NetworkCommunicator$GameAdvertiser run
FINE: Sending game info...
máj. 13, 2013 9:58:49 DU Network.NetworkCommunicator$GameAdvertiser run
FINE: Sending game info...
máj. 13, 2013 9:58:50 DU Network.NetworkCommunicator$GameAdvertiser run
FINE: Sending game info...
máj. 13, 2013 9:58:51 DU Network.NetworkCommunicator$GameAdvertiser run
FINE: Sending game info...
máj. 13, 2013 9:58:52 DU Network.NetworkCommunicator$GameAdvertiser run
FINE: Sending game info...
máj. 13, 2013 9:58:53 DU Network.NetworkCommunicator$GameAdvertiser run
FINE: Sending game info...
máj. 13, 2013 9:58:54 DU Network.NetworkCommunicator$GameAdvertiser run
FINE: Sending game info...
máj. 13, 2013 9:58:55 DU Network.NetworkCommunicator$GameAdvertiser run
FINE: Sending game info...
máj. 13, 2013 9:58:56 DU Network.NetworkCommunicator$GameAdvertiser run
FINE: Sending game info...
máj. 13, 2013 9:58:57 DU Network.NetworkCommunicator$GameAdvertiser run
FINE: Sending game info...
máj. 13, 2013 9:58:58 DU Network.NetworkCommunicator$GameAdvertiser run
FINE: Sending game info...
máj. 13, 2013 9:58:59 DU Network.NetworkCommunicator$GameAdvertiser run
FINE: Sending game info...
máj. 13, 2013 9:59:00 DU Network.NetworkCommunicator$GameAdvertiser run
FINE: Sending game info...
máj. 13, 2013 9:59:01 DU Network.NetworkCommunicator$GameAdvertiser run
FINE: Sending game info...
máj. 13, 2013 9:59:02 DU Network.NetworkCommunicator$GameAdvertiser run
FINE: Sending game info...
máj. 13, 2013 9:59:03 DU Network.NetworkCommunicator$GameAdvertiser run
FINE: Sending game info...
máj. 13, 2013 9:59:04 DU Network.NetworkCommunicator$GameAdvertiser run
FINE: Sending game info...
máj. 13, 2013 9:59:05 DU Network.NetworkCommunicator$GameAdvertiser run
FINE: Sending game info...
máj. 13, 2013 9:59:06 DU Network.NetworkCommunicator$GameAdvertiser run
FINE: Sending game info...
máj. 13, 2013 9:59:07 DU Network.NetworkCommunicator$GameAdvertiser run
FINE: Sending game info...
máj. 13, 2013 9:59:08 DU Network.NetworkCommunicator$GameAdvertiser run
FINE: Sending game info...
máj. 13, 2013 9:59:09 DU Network.NetworkCommunicator$GameAdvertiser run
FINE: Sending game info...
